Using pre-set license
Built from '2020.2/release' branch; Version is '2020.2.0f1 (3721df5a8b28) revision 3613151'; Using compiler version '192528614'; Build Type 'Release'
OS: 'Windows 10  (10.0.0) 64bit' Language: 'en' Physical Memory: 32610 MB
BatchMode: 1, IsHumanControllingUs: 0, StartBugReporterOnCrash: 0, Is64bit: 1, IsPro: 0

 COMMAND LINE ARGUMENTS:
C:\Program Files\Unity\Hub\Editor\2020.2.0f1\Editor\Unity.exe
-adb2
-batchMode
-noUpm
-name
AssetImportWorker0
-projectPath
C:/Users/Acer Nitro 5/Documents/Unity/portal
-logFile
Logs/AssetImportWorker0.log
-srvPort
64558
Successfully changed project path to: C:/Users/Acer Nitro 5/Documents/Unity/portal
C:/Users/Acer Nitro 5/Documents/Unity/portal
Using Asset Import Pipeline V2.
Refreshing native plugins compatible for Editor in 22.67 ms, found 0 plugins.
Preloading 0 native plugins for Editor in 0.00 ms.
Initialize engine version: 2020.2.0f1 (3721df5a8b28)
[Subsystems] Discovering subsystems at path C:/Program Files/Unity/Hub/Editor/2020.2.0f1/Editor/Data/Resources/UnitySubsystems
[Subsystems] Discovering subsystems at path C:/Users/Acer Nitro 5/Documents/Unity/portal/Assets
GfxDevice: creating device client; threaded=0
Direct3D:
    Version:  Direct3D 11.0 [level 11.1]
    Renderer: NVIDIA GeForce GTX 1050 (ID=0x1c91)
    Vendor:   
    VRAM:     2996 MB
    Driver:   27.21.14.5730
Initialize mono
Mono path[0] = 'C:/Program Files/Unity/Hub/Editor/2020.2.0f1/Editor/Data/Managed'
Mono path[1] = 'C:/Program Files/Unity/Hub/Editor/2020.2.0f1/Editor/Data/MonoBleedingEdge/lib/mono/unityjit'
Mono config path = 'C:/Program Files/Unity/Hub/Editor/2020.2.0f1/Editor/Data/MonoBleedingEdge/etc'
Using monoOptions --debugger-agent=transport=dt_socket,embedding=1,server=y,suspend=n,address=127.0.0.1:56416
Begin MonoManager ReloadAssembly
Registering precompiled unity dll's ...
Register platform support module: C:/Program Files/Unity/Hub/Editor/2020.2.0f1/Editor/Data/PlaybackEngines/WindowsStandaloneSupport/UnityEditor.WindowsStandalone.Extensions.dll
Registered in 0.001781 seconds.
Native extension for WindowsStandalone target not found
Refreshing native plugins compatible for Editor in 21.90 ms, found 0 plugins.
Preloading 0 native plugins for Editor in 0.00 ms.
Invoked RoslynAnalysisRunner static constructor.
RoslynAnalysisRunner will not be running.
RoslynAnalysisRunner has terminated.
Mono: successfully reloaded assembly
- Completed reload, in  0.911 seconds
Platform modules already initialized, skipping
Registering precompiled user dll's ...
Registered in 0.000770 seconds.
Begin MonoManager ReloadAssembly
Native extension for WindowsStandalone target not found
Refreshing native plugins compatible for Editor in 0.21 ms, found 0 plugins.
Preloading 0 native plugins for Editor in 0.00 ms.
Invoked RoslynAnalysisRunner static constructor.
RoslynAnalysisRunner will not be running.
RoslynAnalysisRunner has terminated.
Mono: successfully reloaded assembly
- Completed reload, in  0.747 seconds
Platform modules already initialized, skipping
========================================================================
Worker process is ready to serve import requests
Launched and connected shader compiler UnityShaderCompiler.exe after 0.03 seconds
Refreshing native plugins compatible for Editor in 0.19 ms, found 0 plugins.
Preloading 0 native plugins for Editor in 0.00 ms.
Unloading 1118 Unused Serialized files (Serialized files now loaded: 0)
System memory in use before: 128.3 MB.
System memory in use after: 128.4 MB.

Unloading 9 unused Assets to reduce memory usage. Loaded Objects now: 1562.
Total: 1.592700 ms (FindLiveObjects: 0.144200 ms CreateObjectMapping: 0.054200 ms MarkObjects: 1.351000 ms  DeleteObjects: 0.042000 ms)

========================================================================
Received Import Request.
  path: Assets/projectile.cs
  artifactKey: Guid(52989629a65406f40a6402c9ff97bcf4) Importer(815301076,1909f56bfc062723c751e8b465ee728b)
Start importing Assets/projectile.cs using Guid(52989629a65406f40a6402c9ff97bcf4) Importer(815301076,1909f56bfc062723c751e8b465ee728b)  -> (artifact id: 'ab1c68f081f01fa8a13e9f7bacef4d79') in 0.030694 seconds
  Import took 0.032452 seconds .

========================================================================
Received Import Request.
  Time since last request: 0.016957 seconds.
  path: Assets/moveCube.cs
  artifactKey: Guid(abe0212af3757e141b3c1361317a6d87) Importer(815301076,1909f56bfc062723c751e8b465ee728b)
Start importing Assets/moveCube.cs using Guid(abe0212af3757e141b3c1361317a6d87) Importer(815301076,1909f56bfc062723c751e8b465ee728b)  -> (artifact id: '6ca8ecbeb055b11395a86045527f6bdd') in 0.006171 seconds
  Import took 0.008214 seconds .

========================================================================
Received Import Request.
  Time since last request: 0.012405 seconds.
  path: Assets/RotateCube.cs
  artifactKey: Guid(fd26307583d3fc34ca82e67eb3617f7b) Importer(815301076,1909f56bfc062723c751e8b465ee728b)
Start importing Assets/RotateCube.cs using Guid(fd26307583d3fc34ca82e67eb3617f7b) Importer(815301076,1909f56bfc062723c751e8b465ee728b)  -> (artifact id: 'afbc94e0ba77fa5c14b76d06999f0f1a') in 0.006658 seconds
  Import took 0.008408 seconds .

========================================================================
Received Import Request.
  Time since last request: 79.412328 seconds.
  path: Assets/Script
  artifactKey: Guid(314479eb14a2ed840baa3a676f460103) Importer(815301076,1909f56bfc062723c751e8b465ee728b)
Start importing Assets/Script using Guid(314479eb14a2ed840baa3a676f460103) Importer(815301076,1909f56bfc062723c751e8b465ee728b)  -> (artifact id: '5b06807ab887d0ca8f36b281c88a673a') in 0.008262 seconds
  Import took 0.012150 seconds .

========================================================================
Received Prepare
Registering precompiled user dll's ...
Registered in 0.000716 seconds.
Begin MonoManager ReloadAssembly
Native extension for WindowsStandalone target not found
Refreshing native plugins compatible for Editor in 0.26 ms, found 0 plugins.
Preloading 0 native plugins for Editor in 0.00 ms.
Invoked RoslynAnalysisRunner static constructor.
RoslynAnalysisRunner will not be running.
RoslynAnalysisRunner has terminated.
Mono: successfully reloaded assembly
- Completed reload, in  0.770 seconds
Platform modules already initialized, skipping
Refreshing native plugins compatible for Editor in 0.21 ms, found 0 plugins.
Preloading 0 native plugins for Editor in 0.00 ms.
Unloading 1110 Unused Serialized files (Serialized files now loaded: 0)
System memory in use before: 128.5 MB.
System memory in use after: 128.6 MB.

Unloading 4 unused Assets to reduce memory usage. Loaded Objects now: 1564.
Total: 1.602500 ms (FindLiveObjects: 0.138700 ms CreateObjectMapping: 0.036700 ms MarkObjects: 1.412500 ms  DeleteObjects: 0.013600 ms)

AssetImportWorkerClient::OnTransportError - code=2 error=End of file
