Using pre-set license
Built from '2021.2/staging' branch; Version is '2021.2.16f1 (559fc0ec6670) revision 5611456'; Using compiler version '192829333'; Build Type 'Release'
OS: 'Windows 10  (10.0.19044) 64bit Core' Language: 'en' Physical Memory: 32610 MB
BatchMode: 1, IsHumanControllingUs: 0, StartBugReporterOnCrash: 0, Is64bit: 1, IsPro: 1

COMMAND LINE ARGUMENTS:
C:\Program Files\Unity\Hub\Editor\2021.2.16f1\Editor\Unity.exe
-adb2
-batchMode
-noUpm
-name
AssetImportWorker0
-projectPath
C:/Users/Acer Nitro 5/Documents/GitHub/UnityPrototypes_old/Minecraft
-logFile
Logs/AssetImportWorker0.log
-srvPort
51173
Successfully changed project path to: C:/Users/Acer Nitro 5/Documents/GitHub/UnityPrototypes_old/Minecraft
C:/Users/Acer Nitro 5/Documents/GitHub/UnityPrototypes_old/Minecraft
[UnityMemory] Configuration Parameters - Can be set up in boot.config
    "memorysetup-bucket-allocator-granularity=16"
    "memorysetup-bucket-allocator-bucket-count=8"
    "memorysetup-bucket-allocator-block-size=33554432"
    "memorysetup-bucket-allocator-block-count=8"
    "memorysetup-main-allocator-block-size=16777216"
    "memorysetup-thread-allocator-block-size=16777216"
    "memorysetup-gfx-main-allocator-block-size=16777216"
    "memorysetup-gfx-thread-allocator-block-size=16777216"
    "memorysetup-cache-allocator-block-size=4194304"
    "memorysetup-typetree-allocator-block-size=2097152"
    "memorysetup-profiler-bucket-allocator-granularity=16"
    "memorysetup-profiler-bucket-allocator-bucket-count=8"
    "memorysetup-profiler-bucket-allocator-block-size=33554432"
    "memorysetup-profiler-bucket-allocator-block-count=8"
    "memorysetup-profiler-allocator-block-size=16777216"
    "memorysetup-profiler-editor-allocator-block-size=1048576"
    "memorysetup-temp-allocator-size-main=16777216"
    "memorysetup-job-temp-allocator-block-size=2097152"
    "memorysetup-job-temp-allocator-block-size-background=1048576"
    "memorysetup-job-temp-allocator-reduction-small-platforms=262144"
    "memorysetup-temp-allocator-size-background-worker=32768"
    "memorysetup-temp-allocator-size-job-worker=262144"
    "memorysetup-temp-allocator-size-preload-manager=33554432"
    "memorysetup-temp-allocator-size-nav-mesh-worker=65536"
    "memorysetup-temp-allocator-size-audio-worker=65536"
    "memorysetup-temp-allocator-size-cloud-worker=32768"
    "memorysetup-temp-allocator-size-gi-baking-worker=262144"
    "memorysetup-temp-allocator-size-gfx=262144"
Refreshing native plugins compatible for Editor in 146.28 ms, found 3 plugins.
Preloading 0 native plugins for Editor in 0.00 ms.
Initialize engine version: 2021.2.16f1 (559fc0ec6670)
[Subsystems] Discovering subsystems at path C:/Program Files/Unity/Hub/Editor/2021.2.16f1/Editor/Data/Resources/UnitySubsystems
[Subsystems] Discovering subsystems at path C:/Users/Acer Nitro 5/Documents/GitHub/UnityPrototypes_old/Minecraft/Assets
GfxDevice: creating device client; threaded=0; jobified=0
Direct3D:
    Version:  Direct3D 11.0 [level 11.1]
    Renderer: NVIDIA GeForce GTX 1050 (ID=0x1c91)
    Vendor:   NVIDIA
    VRAM:     2996 MB
    Driver:   27.21.14.5730
Initialize mono
Mono path[0] = 'C:/Program Files/Unity/Hub/Editor/2021.2.16f1/Editor/Data/Managed'
Mono path[1] = 'C:/Program Files/Unity/Hub/Editor/2021.2.16f1/Editor/Data/MonoBleedingEdge/lib/mono/unityjit-win32'
Mono config path = 'C:/Program Files/Unity/Hub/Editor/2021.2.16f1/Editor/Data/MonoBleedingEdge/etc'
Using monoOptions --debugger-agent=transport=dt_socket,embedding=1,server=y,suspend=n,address=127.0.0.1:56060
Begin MonoManager ReloadAssembly
Registering precompiled unity dll's ...
Register platform support module: C:/Program Files/Unity/Hub/Editor/2021.2.16f1/Editor/Data/PlaybackEngines/WindowsStandaloneSupport/UnityEditor.WindowsStandalone.Extensions.dll
Registered in 0.010868 seconds.
Native extension for WindowsStandalone target not found
Refreshing native plugins compatible for Editor in 110.19 ms, found 3 plugins.
Preloading 0 native plugins for Editor in 0.00 ms.
Mono: successfully reloaded assembly
- Completed reload, in  0.847 seconds
Domain Reload Profiling:
	ReloadAssembly (848ms)
		BeginReloadAssembly (90ms)
			ExecutionOrderSort (0ms)
			DisableScriptedObjects (0ms)
			BackupInstance (0ms)
			ReleaseScriptingObjects (0ms)
			CreateAndSetChildDomain (1ms)
		EndReloadAssembly (608ms)
			LoadAssemblies (87ms)
			RebuildTransferFunctionScriptingTraits (0ms)
			SetupTypeCache (159ms)
			ReleaseScriptCaches (0ms)
			RebuildScriptCaches (37ms)
			SetupLoadedEditorAssemblies (342ms)
				LogAssemblyErrors (0ms)
				InitializePlatformSupportModulesInManaged (10ms)
				SetLoadedEditorAssemblies (0ms)
				RefreshPlugins (110ms)
				BeforeProcessingInitializeOnLoad (1ms)
				ProcessInitializeOnLoadAttributes (159ms)
				ProcessInitializeOnLoadMethodAttributes (61ms)
				AfterProcessingInitializeOnLoad (0ms)
				EditorAssembliesLoaded (0ms)
			ExecutionOrderSort2 (0ms)
			AwakeInstancesAfterBackupRestoration (0ms)
Platform modules already initialized, skipping
Registering precompiled user dll's ...
Registered in 0.006639 seconds.
Begin MonoManager ReloadAssembly
Symbol file LoadedFromMemory doesn't match image C:\Users\Acer Nitro 5\Documents\GitHub\UnityPrototypes_old\Minecraft\Library\PackageCache\com.unity.visualscripting@1.7.6\Editor\VisualScripting.Core\Dependencies\YamlDotNet\Unity.VisualScripting.YamlDotNet.dll
Symbol file LoadedFromMemory doesn't match image C:\Users\Acer Nitro 5\Documents\GitHub\UnityPrototypes_old\Minecraft\Library\PackageCache\com.unity.visualscripting@1.7.6\Editor\VisualScripting.Core\Dependencies\DotNetZip\Unity.VisualScripting.IonicZip.dll
Native extension for WindowsStandalone target not found
Refreshing native plugins compatible for Editor in 1.10 ms, found 3 plugins.
Preloading 0 native plugins for Editor in 0.00 ms.
Mono: successfully reloaded assembly
- Completed reload, in  1.836 seconds
Domain Reload Profiling:
	ReloadAssembly (1837ms)
		BeginReloadAssembly (150ms)
			ExecutionOrderSort (0ms)
			DisableScriptedObjects (6ms)
			BackupInstance (0ms)
			ReleaseScriptingObjects (0ms)
			CreateAndSetChildDomain (25ms)
		EndReloadAssembly (1426ms)
			LoadAssemblies (126ms)
			RebuildTransferFunctionScriptingTraits (0ms)
			SetupTypeCache (524ms)
			ReleaseScriptCaches (1ms)
			RebuildScriptCaches (79ms)
			SetupLoadedEditorAssemblies (611ms)
				LogAssemblyErrors (0ms)
				InitializePlatformSupportModulesInManaged (13ms)
				SetLoadedEditorAssemblies (1ms)
				RefreshPlugins (1ms)
				BeforeProcessingInitializeOnLoad (171ms)
				ProcessInitializeOnLoadAttributes (370ms)
				ProcessInitializeOnLoadMethodAttributes (42ms)
				AfterProcessingInitializeOnLoad (13ms)
				EditorAssembliesLoaded (0ms)
			ExecutionOrderSort2 (0ms)
			AwakeInstancesAfterBackupRestoration (8ms)
Platform modules already initialized, skipping
========================================================================
Worker process is ready to serve import requests
Launched and connected shader compiler UnityShaderCompiler.exe after 0.15 seconds
Refreshing native plugins compatible for Editor in 1.18 ms, found 3 plugins.
Preloading 0 native plugins for Editor in 0.00 ms.
Unloading 3232 Unused Serialized files (Serialized files now loaded: 0)
Unloading 23 unused Assets / (112.0 KB). Loaded Objects now: 3692.
Memory consumption went from 112.4 MB to 112.3 MB.
Total: 5.063900 ms (FindLiveObjects: 0.371400 ms CreateObjectMapping: 0.400900 ms MarkObjects: 4.129200 ms  DeleteObjects: 0.160500 ms)

AssetImportParameters requested are different than current active one (requested -> active):
  custom:video-decoder-ogg-theora: a1e56fd34408186e4bbccfd4996cb3dc -> 
  custom:container-muxer-webm: aa71ff27fc2769a1b78a27578f13a17b -> 
  custom:container-demuxer-webm: 4f35f7cbe854078d1ac9338744f61a02 -> 
  custom:video-encoder-webm-vp8: eb34c28f22e8b96e1ab97ce403110664 -> 
  custom:audio-encoder-webm-vorbis: bf7c407c2cedff20999df2af8eb42d56 -> 
  custom:framework-win-MediaFoundation: 216162199b28c13a410421893ffa2e32 -> 
  custom:container-demuxer-ogg: 62fdf1f143b41e24485cea50d1cbac27 -> 
  custom:video-decoder-webm-vp8: 9c59270c3fd7afecdb556c50c9e8de78 -> 
  custom:audio-decoder-ogg-vorbis: bf7c407c2cedff20999df2af8eb42d56 -> 
========================================================================
Received Import Request.
  Time since last request: 38527.303065 seconds.
  path: Assets/Material.mat
  artifactKey: Guid(c7c0eafa61dfa074ba8f93deb950f632) Importer(815301076,1909f56bfc062723c751e8b465ee728b)
Start importing Assets/Material.mat using Guid(c7c0eafa61dfa074ba8f93deb950f632) Importer(815301076,1909f56bfc062723c751e8b465ee728b)  -> (artifact id: '893bbca77b42bba8c90251b04fb67e97') in 0.261763 seconds 
========================================================================
Received Import Request.
  Time since last request: 0.000040 seconds.
  path: Assets/New Piskel(2).png
  artifactKey: Guid(e5160cdb63a23684ca781319a1d73707) Importer(815301076,1909f56bfc062723c751e8b465ee728b)
Start importing Assets/New Piskel(2).png using Guid(e5160cdb63a23684ca781319a1d73707) Importer(815301076,1909f56bfc062723c751e8b465ee728b)  -> (artifact id: '1b80a3e328f838eaa3aa2982424b10b9') in 0.075560 seconds 
========================================================================
Received Import Request.
  Time since last request: 30.880075 seconds.
  path: Assets/Script
  artifactKey: Guid(eae3961c700f8864aabffb313f033155) Importer(815301076,1909f56bfc062723c751e8b465ee728b)
Start importing Assets/Script using Guid(eae3961c700f8864aabffb313f033155) Importer(815301076,1909f56bfc062723c751e8b465ee728b)  -> (artifact id: 'fcdcd4b7952d7bafc4e2f6773cbcce28') in 0.006911 seconds 
========================================================================
Received Import Request.
  Time since last request: 2.209401 seconds.
  path: Assets/Script/testingScripts
  artifactKey: Guid(9fa4b8fe456b2bd459b47052410c6110) Importer(815301076,1909f56bfc062723c751e8b465ee728b)
Start importing Assets/Script/testingScripts using Guid(9fa4b8fe456b2bd459b47052410c6110) Importer(815301076,1909f56bfc062723c751e8b465ee728b)  -> (artifact id: '3f473e64a46dff2634990281aff6cee8') in 0.023391 seconds 
========================================================================
Received Import Request.
  Time since last request: 5.670770 seconds.
  path: Assets/Json
  artifactKey: Guid(d41e6402182f0564ca7dda79a84c33f8) Importer(815301076,1909f56bfc062723c751e8b465ee728b)
Start importing Assets/Json using Guid(d41e6402182f0564ca7dda79a84c33f8) Importer(815301076,1909f56bfc062723c751e8b465ee728b)  -> (artifact id: '56b2a585f743512888ad5d2b02bc3fe1') in 0.007884 seconds 
========================================================================
Received Prepare
Registering precompiled user dll's ...
Registered in 0.013522 seconds.
Begin MonoManager ReloadAssembly
Symbol file LoadedFromMemory doesn't match image C:\Users\Acer Nitro 5\Documents\GitHub\UnityPrototypes_old\Minecraft\Library\PackageCache\com.unity.visualscripting@1.7.6\Editor\VisualScripting.Core\Dependencies\YamlDotNet\Unity.VisualScripting.YamlDotNet.dll
Symbol file LoadedFromMemory doesn't match image C:\Users\Acer Nitro 5\Documents\GitHub\UnityPrototypes_old\Minecraft\Library\PackageCache\com.unity.visualscripting@1.7.6\Editor\VisualScripting.Core\Dependencies\DotNetZip\Unity.VisualScripting.IonicZip.dll
Native extension for WindowsStandalone target not found
Refreshing native plugins compatible for Editor in 0.61 ms, found 3 plugins.
Preloading 0 native plugins for Editor in 0.00 ms.
Mono: successfully reloaded assembly
- Completed reload, in  1.651 seconds
Domain Reload Profiling:
	ReloadAssembly (1652ms)
		BeginReloadAssembly (250ms)
			ExecutionOrderSort (0ms)
			DisableScriptedObjects (7ms)
			BackupInstance (0ms)
			ReleaseScriptingObjects (0ms)
			CreateAndSetChildDomain (58ms)
		EndReloadAssembly (1199ms)
			LoadAssemblies (161ms)
			RebuildTransferFunctionScriptingTraits (0ms)
			SetupTypeCache (499ms)
			ReleaseScriptCaches (1ms)
			RebuildScriptCaches (55ms)
			SetupLoadedEditorAssemblies (456ms)
				LogAssemblyErrors (0ms)
				InitializePlatformSupportModulesInManaged (19ms)
				SetLoadedEditorAssemblies (1ms)
				RefreshPlugins (1ms)
				BeforeProcessingInitializeOnLoad (101ms)
				ProcessInitializeOnLoadAttributes (281ms)
				ProcessInitializeOnLoadMethodAttributes (38ms)
				AfterProcessingInitializeOnLoad (15ms)
				EditorAssembliesLoaded (0ms)
			ExecutionOrderSort2 (0ms)
			AwakeInstancesAfterBackupRestoration (14ms)
Platform modules already initialized, skipping
Refreshing native plugins compatible for Editor in 2.74 ms, found 3 plugins.
Preloading 0 native plugins for Editor in 0.00 ms.
Unloading 3223 Unused Serialized files (Serialized files now loaded: 0)
Unloading 19 unused Assets / (79.0 KB). Loaded Objects now: 3734.
Memory consumption went from 116.8 MB to 116.7 MB.
Total: 4.135400 ms (FindLiveObjects: 0.333200 ms CreateObjectMapping: 0.202100 ms MarkObjects: 3.501100 ms  DeleteObjects: 0.097800 ms)

AssetImportParameters requested are different than current active one (requested -> active):
  custom:video-decoder-ogg-theora: a1e56fd34408186e4bbccfd4996cb3dc -> 
  custom:container-muxer-webm: aa71ff27fc2769a1b78a27578f13a17b -> 
  custom:container-demuxer-webm: 4f35f7cbe854078d1ac9338744f61a02 -> 
  custom:video-encoder-webm-vp8: eb34c28f22e8b96e1ab97ce403110664 -> 
  custom:audio-encoder-webm-vorbis: bf7c407c2cedff20999df2af8eb42d56 -> 
  custom:framework-win-MediaFoundation: 216162199b28c13a410421893ffa2e32 -> 
  custom:container-demuxer-ogg: 62fdf1f143b41e24485cea50d1cbac27 -> 
  custom:video-decoder-webm-vp8: 9c59270c3fd7afecdb556c50c9e8de78 -> 
  custom:audio-decoder-ogg-vorbis: bf7c407c2cedff20999df2af8eb42d56 -> 
========================================================================
Received Import Request.
  Time since last request: 121.777905 seconds.
  path: Assets/Scenes
  artifactKey: Guid(6ea315d0fd7389c41b19996891e99ae3) Importer(815301076,1909f56bfc062723c751e8b465ee728b)
Start importing Assets/Scenes using Guid(6ea315d0fd7389c41b19996891e99ae3) Importer(815301076,1909f56bfc062723c751e8b465ee728b)  -> (artifact id: 'b8193726cff86800c54781cdc6d54904') in 0.012434 seconds 
========================================================================
Received Import Request.
  Time since last request: 2.198588 seconds.
  path: Assets/Scenes/SampleScene.unity
  artifactKey: Guid(9fc0d4010bbf28b4594072e72b8655ab) Importer(815301076,1909f56bfc062723c751e8b465ee728b)
Start importing Assets/Scenes/SampleScene.unity using Guid(9fc0d4010bbf28b4594072e72b8655ab) Importer(815301076,1909f56bfc062723c751e8b465ee728b)  -> (artifact id: 'e55ccaa32d8e5c1de03c07a5412c8c3c') in 0.008671 seconds 
========================================================================
Received Import Request.
  Time since last request: 3.030474 seconds.
  path: Assets/Scenes/numbers.unity
  artifactKey: Guid(76ec50684b28a0e4e8a4417a6592c873) Importer(815301076,1909f56bfc062723c751e8b465ee728b)
Start importing Assets/Scenes/numbers.unity using Guid(76ec50684b28a0e4e8a4417a6592c873) Importer(815301076,1909f56bfc062723c751e8b465ee728b)  -> (artifact id: 'e21b3719455160cb6bb453cd8d0eb71b') in 0.022243 seconds 
========================================================================
Received Import Request.
  Time since last request: 40.819161 seconds.
  path: Assets/Script/Counter.cs
  artifactKey: Guid(fb72f08dd9756e841850bc2d83cfc3f6) Importer(815301076,1909f56bfc062723c751e8b465ee728b)
Start importing Assets/Script/Counter.cs using Guid(fb72f08dd9756e841850bc2d83cfc3f6) Importer(815301076,1909f56bfc062723c751e8b465ee728b)  -> (artifact id: '0d69e61c5607f5c1b57c830980e60ed7') in 0.009069 seconds 
========================================================================
Received Prepare
Registering precompiled user dll's ...
Registered in 0.009709 seconds.
Begin MonoManager ReloadAssembly
Symbol file LoadedFromMemory doesn't match image C:\Users\Acer Nitro 5\Documents\GitHub\UnityPrototypes_old\Minecraft\Library\PackageCache\com.unity.visualscripting@1.7.6\Editor\VisualScripting.Core\Dependencies\YamlDotNet\Unity.VisualScripting.YamlDotNet.dll
Symbol file LoadedFromMemory doesn't match image C:\Users\Acer Nitro 5\Documents\GitHub\UnityPrototypes_old\Minecraft\Library\PackageCache\com.unity.visualscripting@1.7.6\Editor\VisualScripting.Core\Dependencies\DotNetZip\Unity.VisualScripting.IonicZip.dll
Native extension for WindowsStandalone target not found
Refreshing native plugins compatible for Editor in 0.62 ms, found 3 plugins.
Preloading 0 native plugins for Editor in 0.00 ms.
Mono: successfully reloaded assembly
- Completed reload, in  1.651 seconds
Domain Reload Profiling:
	ReloadAssembly (1652ms)
		BeginReloadAssembly (295ms)
			ExecutionOrderSort (0ms)
			DisableScriptedObjects (17ms)
			BackupInstance (0ms)
			ReleaseScriptingObjects (0ms)
			CreateAndSetChildDomain (69ms)
		EndReloadAssembly (1095ms)
			LoadAssemblies (177ms)
			RebuildTransferFunctionScriptingTraits (0ms)
			SetupTypeCache (397ms)
			ReleaseScriptCaches (2ms)
			RebuildScriptCaches (61ms)
			SetupLoadedEditorAssemblies (441ms)
				LogAssemblyErrors (0ms)
				InitializePlatformSupportModulesInManaged (19ms)
				SetLoadedEditorAssemblies (1ms)
				RefreshPlugins (1ms)
				BeforeProcessingInitializeOnLoad (103ms)
				ProcessInitializeOnLoadAttributes (272ms)
				ProcessInitializeOnLoadMethodAttributes (31ms)
				AfterProcessingInitializeOnLoad (15ms)
				EditorAssembliesLoaded (0ms)
			ExecutionOrderSort2 (0ms)
			AwakeInstancesAfterBackupRestoration (9ms)
Platform modules already initialized, skipping
Refreshing native plugins compatible for Editor in 2.18 ms, found 3 plugins.
Preloading 0 native plugins for Editor in 0.00 ms.
Unloading 3222 Unused Serialized files (Serialized files now loaded: 0)
Unloading 17 unused Assets / (78.9 KB). Loaded Objects now: 3736.
Memory consumption went from 116.8 MB to 116.7 MB.
Total: 3.643200 ms (FindLiveObjects: 0.285900 ms CreateObjectMapping: 0.174600 ms MarkObjects: 3.095100 ms  DeleteObjects: 0.086700 ms)

AssetImportParameters requested are different than current active one (requested -> active):
  custom:video-decoder-ogg-theora: a1e56fd34408186e4bbccfd4996cb3dc -> 
  custom:container-muxer-webm: aa71ff27fc2769a1b78a27578f13a17b -> 
  custom:container-demuxer-webm: 4f35f7cbe854078d1ac9338744f61a02 -> 
  custom:video-encoder-webm-vp8: eb34c28f22e8b96e1ab97ce403110664 -> 
  custom:audio-encoder-webm-vorbis: bf7c407c2cedff20999df2af8eb42d56 -> 
  custom:framework-win-MediaFoundation: 216162199b28c13a410421893ffa2e32 -> 
  custom:container-demuxer-ogg: 62fdf1f143b41e24485cea50d1cbac27 -> 
  custom:video-decoder-webm-vp8: 9c59270c3fd7afecdb556c50c9e8de78 -> 
  custom:audio-decoder-ogg-vorbis: bf7c407c2cedff20999df2af8eb42d56 -> 
========================================================================
Received Prepare
Registering precompiled user dll's ...
Registered in 0.012711 seconds.
Begin MonoManager ReloadAssembly
Symbol file LoadedFromMemory doesn't match image C:\Users\Acer Nitro 5\Documents\GitHub\UnityPrototypes_old\Minecraft\Library\PackageCache\com.unity.visualscripting@1.7.6\Editor\VisualScripting.Core\Dependencies\YamlDotNet\Unity.VisualScripting.YamlDotNet.dll
Symbol file LoadedFromMemory doesn't match image C:\Users\Acer Nitro 5\Documents\GitHub\UnityPrototypes_old\Minecraft\Library\PackageCache\com.unity.visualscripting@1.7.6\Editor\VisualScripting.Core\Dependencies\DotNetZip\Unity.VisualScripting.IonicZip.dll
Native extension for WindowsStandalone target not found
Refreshing native plugins compatible for Editor in 0.60 ms, found 3 plugins.
Preloading 0 native plugins for Editor in 0.00 ms.
Mono: successfully reloaded assembly
- Completed reload, in  1.570 seconds
Domain Reload Profiling:
	ReloadAssembly (1571ms)
		BeginReloadAssembly (215ms)
			ExecutionOrderSort (0ms)
			DisableScriptedObjects (12ms)
			BackupInstance (0ms)
			ReleaseScriptingObjects (0ms)
			CreateAndSetChildDomain (55ms)
		EndReloadAssembly (1184ms)
			LoadAssemblies (138ms)
			RebuildTransferFunctionScriptingTraits (0ms)
			SetupTypeCache (496ms)
			ReleaseScriptCaches (1ms)
			RebuildScriptCaches (46ms)
			SetupLoadedEditorAssemblies (463ms)
				LogAssemblyErrors (0ms)
				InitializePlatformSupportModulesInManaged (19ms)
				SetLoadedEditorAssemblies (1ms)
				RefreshPlugins (1ms)
				BeforeProcessingInitializeOnLoad (105ms)
				ProcessInitializeOnLoadAttributes (293ms)
				ProcessInitializeOnLoadMethodAttributes (30ms)
				AfterProcessingInitializeOnLoad (13ms)
				EditorAssembliesLoaded (0ms)
			ExecutionOrderSort2 (0ms)
			AwakeInstancesAfterBackupRestoration (9ms)
Platform modules already initialized, skipping
Refreshing native plugins compatible for Editor in 2.32 ms, found 3 plugins.
Preloading 0 native plugins for Editor in 0.00 ms.
Unloading 3222 Unused Serialized files (Serialized files now loaded: 0)
Unloading 16 unused Assets / (78.8 KB). Loaded Objects now: 3739.
Memory consumption went from 116.8 MB to 116.7 MB.
Total: 3.990800 ms (FindLiveObjects: 0.414800 ms CreateObjectMapping: 0.199000 ms MarkObjects: 3.288700 ms  DeleteObjects: 0.087200 ms)

AssetImportParameters requested are different than current active one (requested -> active):
  custom:video-decoder-ogg-theora: a1e56fd34408186e4bbccfd4996cb3dc -> 
  custom:container-muxer-webm: aa71ff27fc2769a1b78a27578f13a17b -> 
  custom:container-demuxer-webm: 4f35f7cbe854078d1ac9338744f61a02 -> 
  custom:video-encoder-webm-vp8: eb34c28f22e8b96e1ab97ce403110664 -> 
  custom:audio-encoder-webm-vorbis: bf7c407c2cedff20999df2af8eb42d56 -> 
  custom:framework-win-MediaFoundation: 216162199b28c13a410421893ffa2e32 -> 
  custom:container-demuxer-ogg: 62fdf1f143b41e24485cea50d1cbac27 -> 
  custom:video-decoder-webm-vp8: 9c59270c3fd7afecdb556c50c9e8de78 -> 
  custom:audio-decoder-ogg-vorbis: bf7c407c2cedff20999df2af8eb42d56 -> 
========================================================================
Received Prepare
Registering precompiled user dll's ...
Registered in 0.011645 seconds.
Begin MonoManager ReloadAssembly
Symbol file LoadedFromMemory doesn't match image C:\Users\Acer Nitro 5\Documents\GitHub\UnityPrototypes_old\Minecraft\Library\PackageCache\com.unity.visualscripting@1.7.6\Editor\VisualScripting.Core\Dependencies\YamlDotNet\Unity.VisualScripting.YamlDotNet.dll
Symbol file LoadedFromMemory doesn't match image C:\Users\Acer Nitro 5\Documents\GitHub\UnityPrototypes_old\Minecraft\Library\PackageCache\com.unity.visualscripting@1.7.6\Editor\VisualScripting.Core\Dependencies\DotNetZip\Unity.VisualScripting.IonicZip.dll
Native extension for WindowsStandalone target not found
Refreshing native plugins compatible for Editor in 0.92 ms, found 3 plugins.
Preloading 0 native plugins for Editor in 0.00 ms.
Mono: successfully reloaded assembly
- Completed reload, in  2.056 seconds
Domain Reload Profiling:
	ReloadAssembly (2057ms)
		BeginReloadAssembly (226ms)
			ExecutionOrderSort (0ms)
			DisableScriptedObjects (12ms)
			BackupInstance (0ms)
			ReleaseScriptingObjects (0ms)
			CreateAndSetChildDomain (54ms)
		EndReloadAssembly (1649ms)
			LoadAssemblies (137ms)
			RebuildTransferFunctionScriptingTraits (0ms)
			SetupTypeCache (510ms)
			ReleaseScriptCaches (2ms)
			RebuildScriptCaches (101ms)
			SetupLoadedEditorAssemblies (769ms)
				LogAssemblyErrors (0ms)
				InitializePlatformSupportModulesInManaged (27ms)
				SetLoadedEditorAssemblies (1ms)
				RefreshPlugins (1ms)
				BeforeProcessingInitializeOnLoad (196ms)
				ProcessInitializeOnLoadAttributes (477ms)
				ProcessInitializeOnLoadMethodAttributes (48ms)
				AfterProcessingInitializeOnLoad (18ms)
				EditorAssembliesLoaded (0ms)
			ExecutionOrderSort2 (0ms)
			AwakeInstancesAfterBackupRestoration (15ms)
Platform modules already initialized, skipping
Refreshing native plugins compatible for Editor in 3.74 ms, found 3 plugins.
Preloading 0 native plugins for Editor in 0.00 ms.
Unloading 3222 Unused Serialized files (Serialized files now loaded: 0)
Unloading 16 unused Assets / (79.0 KB). Loaded Objects now: 3742.
Memory consumption went from 116.8 MB to 116.7 MB.
Total: 5.575800 ms (FindLiveObjects: 0.338100 ms CreateObjectMapping: 0.201300 ms MarkObjects: 4.929400 ms  DeleteObjects: 0.105400 ms)

AssetImportParameters requested are different than current active one (requested -> active):
  custom:video-decoder-ogg-theora: a1e56fd34408186e4bbccfd4996cb3dc -> 
  custom:container-muxer-webm: aa71ff27fc2769a1b78a27578f13a17b -> 
  custom:container-demuxer-webm: 4f35f7cbe854078d1ac9338744f61a02 -> 
  custom:video-encoder-webm-vp8: eb34c28f22e8b96e1ab97ce403110664 -> 
  custom:audio-encoder-webm-vorbis: bf7c407c2cedff20999df2af8eb42d56 -> 
  custom:framework-win-MediaFoundation: 216162199b28c13a410421893ffa2e32 -> 
  custom:container-demuxer-ogg: 62fdf1f143b41e24485cea50d1cbac27 -> 
  custom:video-decoder-webm-vp8: 9c59270c3fd7afecdb556c50c9e8de78 -> 
  custom:audio-decoder-ogg-vorbis: bf7c407c2cedff20999df2af8eb42d56 -> 
========================================================================
Received Import Request.
  Time since last request: 158.198829 seconds.
  path: Assets/prefab
  artifactKey: Guid(f7cf693975a6f394eb81ee0a02cc686a) Importer(815301076,1909f56bfc062723c751e8b465ee728b)
Start importing Assets/prefab using Guid(f7cf693975a6f394eb81ee0a02cc686a) Importer(815301076,1909f56bfc062723c751e8b465ee728b)  -> (artifact id: '60a9e053be9754dea968cd7edcd958bb') in 0.012387 seconds 
========================================================================
Received Import Request.
  Time since last request: 0.028285 seconds.
  path: Assets/prefab/Cube 1 Variant 1.prefab
  artifactKey: Guid(5be2f68b367aea34cb96589dc6923abe) Importer(815301076,1909f56bfc062723c751e8b465ee728b)
Start importing Assets/prefab/Cube 1 Variant 1.prefab using Guid(5be2f68b367aea34cb96589dc6923abe) Importer(815301076,1909f56bfc062723c751e8b465ee728b)  -> (artifact id: '4884c85bf0e56ee16676d3842b510273') in 0.391666 seconds 
========================================================================
Received Import Request.
  Time since last request: 147.745462 seconds.
  path: Assets/untitled.obj
  artifactKey: Guid(c148dc2e06d769c4cbd587ef55e75922) Importer(815301076,1909f56bfc062723c751e8b465ee728b)
Start importing Assets/untitled.obj using Guid(c148dc2e06d769c4cbd587ef55e75922) Importer(815301076,1909f56bfc062723c751e8b465ee728b)  -> (artifact id: '6c52f9362023a34138945b17fb1a9d2d') in 0.041750 seconds 
========================================================================
Received Import Request.
  Time since last request: 1.626068 seconds.
  path: Assets/Materials
  artifactKey: Guid(b44d4b6194291264384ad2da9d2700e8) Importer(815301076,1909f56bfc062723c751e8b465ee728b)
Start importing Assets/Materials using Guid(b44d4b6194291264384ad2da9d2700e8) Importer(815301076,1909f56bfc062723c751e8b465ee728b)  -> (artifact id: '16b0a10a36e118c4c5acdb7abc0e69f4') in 0.008996 seconds 
========================================================================
Received Import Request.
  Time since last request: 0.035228 seconds.
  path: Assets/Materials/15-150448_minecraft-grass-texture-map-clipart.mat
  artifactKey: Guid(7a1effa88c6f17a4b968b8d9a767cb72) Importer(815301076,1909f56bfc062723c751e8b465ee728b)
Start importing Assets/Materials/15-150448_minecraft-grass-texture-map-clipart.mat using Guid(7a1effa88c6f17a4b968b8d9a767cb72) Importer(815301076,1909f56bfc062723c751e8b465ee728b)  -> (artifact id: '9cb6e576e7e48b4086cb58403b4c7443') in 0.041506 seconds 
========================================================================
Received Import Request.
  Time since last request: 0.000026 seconds.
  path: Assets/Materials/defaultMat.mat
  artifactKey: Guid(20222e611fb8e92429a88a70604408a0) Importer(815301076,1909f56bfc062723c751e8b465ee728b)
Start importing Assets/Materials/defaultMat.mat using Guid(20222e611fb8e92429a88a70604408a0) Importer(815301076,1909f56bfc062723c751e8b465ee728b)  -> (artifact id: 'ee91a4d898821027dc2151b7c582ad04') in 0.038966 seconds 
========================================================================
Received Import Request.
  Time since last request: 0.000037 seconds.
  path: Assets/Materials/New Material.mat
  artifactKey: Guid(627f3e393c79a004498e9a37ec134abf) Importer(815301076,1909f56bfc062723c751e8b465ee728b)
Start importing Assets/Materials/New Material.mat using Guid(627f3e393c79a004498e9a37ec134abf) Importer(815301076,1909f56bfc062723c751e8b465ee728b)  -> (artifact id: '72dc7bd0b2172da6d7e31d2e07de2db3') in 0.075948 seconds 
========================================================================
Received Import Request.
  Time since last request: 12.022315 seconds.
  path: Assets/prefab/Cube 1 Variant 1.prefab
  artifactKey: Guid(5be2f68b367aea34cb96589dc6923abe) Importer(815301076,1909f56bfc062723c751e8b465ee728b)
Start importing Assets/prefab/Cube 1 Variant 1.prefab using Guid(5be2f68b367aea34cb96589dc6923abe) Importer(815301076,1909f56bfc062723c751e8b465ee728b)  -> (artifact id: 'a0269d4d3ca082688911a9a126ffcdab') in 0.018770 seconds 
========================================================================
Received Import Request.
  Time since last request: 18.468050 seconds.
  path: Assets/prefab/pointer.prefab
  artifactKey: Guid(b0cd304e8c705ca4cb8711792bf10d9b) Importer(815301076,1909f56bfc062723c751e8b465ee728b)
Start importing Assets/prefab/pointer.prefab using Guid(b0cd304e8c705ca4cb8711792bf10d9b) Importer(815301076,1909f56bfc062723c751e8b465ee728b)  -> (artifact id: '791e1af1ca1a9051285b4a95aa5e0c80') in 0.011687 seconds 
========================================================================
Received Import Request.
  Time since last request: 6.148110 seconds.
  path: Assets/prefab/pointer.prefab
  artifactKey: Guid(b0cd304e8c705ca4cb8711792bf10d9b) Importer(815301076,1909f56bfc062723c751e8b465ee728b)
Start importing Assets/prefab/pointer.prefab using Guid(b0cd304e8c705ca4cb8711792bf10d9b) Importer(815301076,1909f56bfc062723c751e8b465ee728b)  -> (artifact id: '167b35cb329fd44605392a449b8c3cac') in 0.013887 seconds 
========================================================================
Received Import Request.
  Time since last request: 3.876748 seconds.
  path: Assets/prefab/Cube 1 Variant 1.prefab
  artifactKey: Guid(5be2f68b367aea34cb96589dc6923abe) Importer(815301076,1909f56bfc062723c751e8b465ee728b)
Start importing Assets/prefab/Cube 1 Variant 1.prefab using Guid(5be2f68b367aea34cb96589dc6923abe) Importer(815301076,1909f56bfc062723c751e8b465ee728b)  -> (artifact id: '23f9db35df0090c82ec5a162dbb854f2') in 0.017752 seconds 
========================================================================
Received Import Request.
  Time since last request: 0.000026 seconds.
  path: Assets/prefab/pointer.prefab
  artifactKey: Guid(b0cd304e8c705ca4cb8711792bf10d9b) Importer(815301076,1909f56bfc062723c751e8b465ee728b)
Start importing Assets/prefab/pointer.prefab using Guid(b0cd304e8c705ca4cb8711792bf10d9b) Importer(815301076,1909f56bfc062723c751e8b465ee728b)  -> (artifact id: '93ba0f1526bfbc19218587a9ea9adbd2') in 0.023437 seconds 
========================================================================
Received Import Request.
  Time since last request: 1.997078 seconds.
  path: Assets/prefab/Cube 1 Variant 1.prefab
  artifactKey: Guid(5be2f68b367aea34cb96589dc6923abe) Importer(815301076,1909f56bfc062723c751e8b465ee728b)
Start importing Assets/prefab/Cube 1 Variant 1.prefab using Guid(5be2f68b367aea34cb96589dc6923abe) Importer(815301076,1909f56bfc062723c751e8b465ee728b)  -> (artifact id: 'c36b8f9f5eb8c47b7a30a8f32415f832') in 0.016339 seconds 
========================================================================
Received Import Request.
  Time since last request: 0.000031 seconds.
  path: Assets/prefab/pointer.prefab
  artifactKey: Guid(b0cd304e8c705ca4cb8711792bf10d9b) Importer(815301076,1909f56bfc062723c751e8b465ee728b)
Start importing Assets/prefab/pointer.prefab using Guid(b0cd304e8c705ca4cb8711792bf10d9b) Importer(815301076,1909f56bfc062723c751e8b465ee728b)  -> (artifact id: '7b6badf19c5a97a224f3dcb2adf96d5d') in 0.021154 seconds 
========================================================================
Received Prepare
Registering precompiled user dll's ...
Registered in 0.014726 seconds.
Begin MonoManager ReloadAssembly
Symbol file LoadedFromMemory doesn't match image C:\Users\Acer Nitro 5\Documents\GitHub\UnityPrototypes_old\Minecraft\Library\PackageCache\com.unity.visualscripting@1.7.6\Editor\VisualScripting.Core\Dependencies\YamlDotNet\Unity.VisualScripting.YamlDotNet.dll
Symbol file LoadedFromMemory doesn't match image C:\Users\Acer Nitro 5\Documents\GitHub\UnityPrototypes_old\Minecraft\Library\PackageCache\com.unity.visualscripting@1.7.6\Editor\VisualScripting.Core\Dependencies\DotNetZip\Unity.VisualScripting.IonicZip.dll
Native extension for WindowsStandalone target not found
Refreshing native plugins compatible for Editor in 0.69 ms, found 3 plugins.
Preloading 0 native plugins for Editor in 0.00 ms.
Mono: successfully reloaded assembly
- Completed reload, in  2.248 seconds
Domain Reload Profiling:
	ReloadAssembly (2250ms)
		BeginReloadAssembly (202ms)
			ExecutionOrderSort (0ms)
			DisableScriptedObjects (9ms)
			BackupInstance (0ms)
			ReleaseScriptingObjects (0ms)
			CreateAndSetChildDomain (50ms)
		EndReloadAssembly (1865ms)
			LoadAssemblies (126ms)
			RebuildTransferFunctionScriptingTraits (0ms)
			SetupTypeCache (485ms)
			ReleaseScriptCaches (2ms)
			RebuildScriptCaches (63ms)
			SetupLoadedEditorAssemblies (1048ms)
				LogAssemblyErrors (0ms)
				InitializePlatformSupportModulesInManaged (32ms)
				SetLoadedEditorAssemblies (1ms)
				RefreshPlugins (1ms)
				BeforeProcessingInitializeOnLoad (206ms)
				ProcessInitializeOnLoadAttributes (667ms)
				ProcessInitializeOnLoadMethodAttributes (98ms)
				AfterProcessingInitializeOnLoad (43ms)
				EditorAssembliesLoaded (1ms)
			ExecutionOrderSort2 (0ms)
			AwakeInstancesAfterBackupRestoration (24ms)
Platform modules already initialized, skipping
Refreshing native plugins compatible for Editor in 4.13 ms, found 3 plugins.
Preloading 0 native plugins for Editor in 0.00 ms.
Unloading 3222 Unused Serialized files (Serialized files now loaded: 0)
Unloading 16 unused Assets / (78.9 KB). Loaded Objects now: 3750.
Memory consumption went from 117.0 MB to 116.9 MB.
Total: 9.653900 ms (FindLiveObjects: 0.434900 ms CreateObjectMapping: 0.385500 ms MarkObjects: 8.702000 ms  DeleteObjects: 0.129000 ms)

AssetImportParameters requested are different than current active one (requested -> active):
  custom:video-decoder-ogg-theora: a1e56fd34408186e4bbccfd4996cb3dc -> 
  custom:container-muxer-webm: aa71ff27fc2769a1b78a27578f13a17b -> 
  custom:container-demuxer-webm: 4f35f7cbe854078d1ac9338744f61a02 -> 
  custom:video-encoder-webm-vp8: eb34c28f22e8b96e1ab97ce403110664 -> 
  custom:audio-encoder-webm-vorbis: bf7c407c2cedff20999df2af8eb42d56 -> 
  custom:framework-win-MediaFoundation: 216162199b28c13a410421893ffa2e32 -> 
  custom:container-demuxer-ogg: 62fdf1f143b41e24485cea50d1cbac27 -> 
  custom:video-decoder-webm-vp8: 9c59270c3fd7afecdb556c50c9e8de78 -> 
  custom:audio-decoder-ogg-vorbis: bf7c407c2cedff20999df2af8eb42d56 -> 
========================================================================
Received Import Request.
  Time since last request: 140.476081 seconds.
  path: Assets/Materials/defaultMat.mat
  artifactKey: Guid(20222e611fb8e92429a88a70604408a0) Importer(815301076,1909f56bfc062723c751e8b465ee728b)
Start importing Assets/Materials/defaultMat.mat using Guid(20222e611fb8e92429a88a70604408a0) Importer(815301076,1909f56bfc062723c751e8b465ee728b)  -> (artifact id: 'cea74570c2930b9a0248d93f77b798ce') in 0.103010 seconds 
